{"C:\\Users\\frank\\cosc_4353\\backend\\server2.js": {"path":"C:\\Users\\frank\\cosc_4353\\backend\\server2.js","statementMap":{"0":{"start":{"line":1,"column":16},"end":{"line":1,"column":34}},"1":{"start":{"line":2,"column":12},"end":{"line":2,"column":21}},"2":{"start":{"line":3,"column":13},"end":{"line":3,"column":28}},"3":{"start":{"line":4,"column":19},"end":{"line":4,"column":41}},"4":{"start":{"line":5,"column":18},"end":{"line":5,"column":48}},"5":{"start":{"line":6,"column":18},"end":{"line":6,"column":47}},"6":{"start":{"line":7,"column":17},"end":{"line":7,"column":36}},"7":{"start":{"line":12,"column":0},"end":{"line":12,"column":71}},"8":{"start":{"line":13,"column":0},"end":{"line":13,"column":24}},"9":{"start":{"line":14,"column":0},"end":{"line":16,"column":4}},"10":{"start":{"line":19,"column":0},"end":{"line":22,"column":3}},"11":{"start":{"line":21,"column":7},"end":{"line":21,"column":33}},"12":{"start":{"line":26,"column":0},"end":{"line":26,"column":34}},"13":{"start":{"line":27,"column":0},"end":{"line":27,"column":38}},"14":{"start":{"line":85,"column":0},"end":{"line":91,"column":3}},"15":{"start":{"line":87,"column":17},"end":{"line":87,"column":33}},"16":{"start":{"line":88,"column":4},"end":{"line":88,"column":28}},"17":{"start":{"line":90,"column":4},"end":{"line":90,"column":21}},"18":{"start":{"line":93,"column":0},"end":{"line":93,"column":21}}},"fnMap":{"0":{"name":"(anonymous_0)","decl":{"start":{"line":19,"column":13},"end":{"line":19,"column":14}},"loc":{"start":{"line":19,"column":33},"end":{"line":22,"column":1}},"line":19},"1":{"name":"(anonymous_1)","decl":{"start":{"line":86,"column":6},"end":{"line":86,"column":7}},"loc":{"start":{"line":86,"column":11},"end":{"line":89,"column":1}},"line":86},"2":{"name":"(anonymous_2)","decl":{"start":{"line":89,"column":11},"end":{"line":89,"column":12}},"loc":{"start":{"line":89,"column":18},"end":{"line":91,"column":1}},"line":89}},"branchMap":{},"s":{"0":1,"1":1,"2":1,"3":1,"4":1,"5":1,"6":1,"7":1,"8":1,"9":1,"10":1,"11":0,"12":1,"13":1,"14":1,"15":1,"16":1,"17":0,"18":1},"f":{"0":0,"1":1,"2":0},"b":{},"_coverageSchema":"1a1c01bbd47fc00a2c39e90264f33305004495a9","hash":"4e31820e2e05c5501d51d45e45d8bb80f621d775"}
,"C:\\Users\\frank\\cosc_4353\\backend\\controllers\\fuel.js": {"path":"C:\\Users\\frank\\cosc_4353\\backend\\controllers\\fuel.js","statementMap":{"0":{"start":{"line":1,"column":34},"end":{"line":1,"column":62}},"1":{"start":{"line":2,"column":20},"end":{"line":2,"column":52}},"2":{"start":{"line":6,"column":20},"end":{"line":6,"column":143}},"3":{"start":{"line":8,"column":0},"end":{"line":16,"column":1}},"4":{"start":{"line":9,"column":4},"end":{"line":15,"column":5}},"5":{"start":{"line":11,"column":12},"end":{"line":13,"column":13}},"6":{"start":{"line":19,"column":18},"end":{"line":47,"column":1}},"7":{"start":{"line":26,"column":78},"end":{"line":26,"column":86}},"8":{"start":{"line":27,"column":4},"end":{"line":40,"column":5}},"9":{"start":{"line":28,"column":29},"end":{"line":35,"column":10}},"10":{"start":{"line":36,"column":8},"end":{"line":36,"column":28}},"11":{"start":{"line":38,"column":8},"end":{"line":38,"column":56}},"12":{"start":{"line":39,"column":8},"end":{"line":39,"column":15}},"13":{"start":{"line":46,"column":4},"end":{"line":46,"column":56}},"14":{"start":{"line":49,"column":0},"end":{"line":49,"column":30}}},"fnMap":{"0":{"name":"(anonymous_0)","decl":{"start":{"line":8,"column":19},"end":{"line":8,"column":20}},"loc":{"start":{"line":8,"column":31},"end":{"line":16,"column":1}},"line":8},"1":{"name":"(anonymous_1)","decl":{"start":{"line":19,"column":18},"end":{"line":19,"column":19}},"loc":{"start":{"line":19,"column":31},"end":{"line":47,"column":1}},"line":19}},"branchMap":{"0":{"loc":{"start":{"line":9,"column":4},"end":{"line":15,"column":5}},"type":"switch","locations":[{"start":{"line":10,"column":8},"end":{"line":14,"column":9}}],"line":9}},"s":{"0":1,"1":1,"2":1,"3":1,"4":1,"5":1,"6":1,"7":1,"8":1,"9":1,"10":1,"11":0,"12":0,"13":1,"14":1},"f":{"0":1,"1":1},"b":{"0":[1]},"_coverageSchema":"1a1c01bbd47fc00a2c39e90264f33305004495a9","hash":"e1dacd9fd495309e010a03dad006b3a969770287"}
,"C:\\Users\\frank\\cosc_4353\\backend\\controllers\\user.js": {"path":"C:\\Users\\frank\\cosc_4353\\backend\\controllers\\user.js","statementMap":{"0":{"start":{"line":1,"column":34},"end":{"line":1,"column":62}},"1":{"start":{"line":2,"column":19},"end":{"line":2,"column":50}},"2":{"start":{"line":3,"column":22},"end":{"line":3,"column":57}},"3":{"start":{"line":4,"column":15},"end":{"line":4,"column":32}},"4":{"start":{"line":8,"column":20},"end":{"line":8,"column":66}},"5":{"start":{"line":10,"column":20},"end":{"line":10,"column":154}},"6":{"start":{"line":11,"column":21},"end":{"line":11,"column":145}},"7":{"start":{"line":27,"column":0},"end":{"line":48,"column":1}},"8":{"start":{"line":28,"column":4},"end":{"line":47,"column":5}},"9":{"start":{"line":30,"column":12},"end":{"line":33,"column":13}},"10":{"start":{"line":36,"column":12},"end":{"line":39,"column":13}},"11":{"start":{"line":42,"column":12},"end":{"line":45,"column":13}},"12":{"start":{"line":76,"column":14},"end":{"line":120,"column":1}},"13":{"start":{"line":77,"column":19},"end":{"line":77,"column":40}},"14":{"start":{"line":78,"column":4},"end":{"line":81,"column":5}},"15":{"start":{"line":79,"column":8},"end":{"line":79,"column":56}},"16":{"start":{"line":80,"column":8},"end":{"line":80,"column":15}},"17":{"start":{"line":83,"column":33},"end":{"line":83,"column":41}},"18":{"start":{"line":95,"column":4},"end":{"line":105,"column":5}},"19":{"start":{"line":96,"column":8},"end":{"line":96,"column":66}},"20":{"start":{"line":98,"column":8},"end":{"line":101,"column":9}},"21":{"start":{"line":99,"column":12},"end":{"line":99,"column":58}},"22":{"start":{"line":100,"column":12},"end":{"line":100,"column":19}},"23":{"start":{"line":103,"column":8},"end":{"line":103,"column":54}},"24":{"start":{"line":104,"column":8},"end":{"line":104,"column":15}},"25":{"start":{"line":108,"column":4},"end":{"line":113,"column":5}},"26":{"start":{"line":109,"column":8},"end":{"line":109,"column":68}},"27":{"start":{"line":111,"column":8},"end":{"line":111,"column":54}},"28":{"start":{"line":112,"column":8},"end":{"line":112,"column":15}},"29":{"start":{"line":114,"column":4},"end":{"line":117,"column":5}},"30":{"start":{"line":115,"column":8},"end":{"line":115,"column":54}},"31":{"start":{"line":116,"column":8},"end":{"line":116,"column":15}},"32":{"start":{"line":119,"column":4},"end":{"line":119,"column":44}},"33":{"start":{"line":122,"column":21},"end":{"line":150,"column":1}},"34":{"start":{"line":123,"column":19},"end":{"line":123,"column":40}},"35":{"start":{"line":124,"column":4},"end":{"line":127,"column":5}},"36":{"start":{"line":125,"column":8},"end":{"line":125,"column":56}},"37":{"start":{"line":126,"column":8},"end":{"line":126,"column":15}},"38":{"start":{"line":129,"column":33},"end":{"line":129,"column":41}},"39":{"start":{"line":131,"column":4},"end":{"line":140,"column":5}},"40":{"start":{"line":132,"column":8},"end":{"line":132,"column":50}},"41":{"start":{"line":133,"column":23},"end":{"line":136,"column":10}},"42":{"start":{"line":137,"column":8},"end":{"line":137,"column":22}},"43":{"start":{"line":139,"column":8},"end":{"line":139,"column":60}},"44":{"start":{"line":147,"column":4},"end":{"line":147,"column":54}},"45":{"start":{"line":152,"column":24},"end":{"line":216,"column":1}},"46":{"start":{"line":153,"column":19},"end":{"line":153,"column":40}},"47":{"start":{"line":154,"column":4},"end":{"line":157,"column":5}},"48":{"start":{"line":155,"column":8},"end":{"line":155,"column":56}},"49":{"start":{"line":156,"column":8},"end":{"line":156,"column":15}},"50":{"start":{"line":158,"column":79},"end":{"line":158,"column":87}},"51":{"start":{"line":161,"column":4},"end":{"line":164,"column":5}},"52":{"start":{"line":162,"column":8},"end":{"line":162,"column":56}},"53":{"start":{"line":163,"column":8},"end":{"line":163,"column":15}},"54":{"start":{"line":165,"column":4},"end":{"line":168,"column":5}},"55":{"start":{"line":166,"column":8},"end":{"line":166,"column":56}},"56":{"start":{"line":167,"column":8},"end":{"line":167,"column":15}},"57":{"start":{"line":169,"column":4},"end":{"line":172,"column":5}},"58":{"start":{"line":170,"column":8},"end":{"line":170,"column":56}},"59":{"start":{"line":171,"column":8},"end":{"line":171,"column":15}},"60":{"start":{"line":173,"column":4},"end":{"line":176,"column":5}},"61":{"start":{"line":174,"column":8},"end":{"line":174,"column":56}},"62":{"start":{"line":175,"column":8},"end":{"line":175,"column":15}},"63":{"start":{"line":177,"column":4},"end":{"line":180,"column":5}},"64":{"start":{"line":178,"column":8},"end":{"line":178,"column":56}},"65":{"start":{"line":179,"column":8},"end":{"line":179,"column":15}},"66":{"start":{"line":181,"column":4},"end":{"line":184,"column":5}},"67":{"start":{"line":182,"column":8},"end":{"line":182,"column":56}},"68":{"start":{"line":183,"column":8},"end":{"line":183,"column":15}},"69":{"start":{"line":193,"column":4},"end":{"line":197,"column":5}},"70":{"start":{"line":194,"column":8},"end":{"line":194,"column":69}},"71":{"start":{"line":196,"column":8},"end":{"line":196,"column":56}},"72":{"start":{"line":199,"column":24},"end":{"line":208,"column":6}},"73":{"start":{"line":209,"column":4},"end":{"line":213,"column":5}},"74":{"start":{"line":210,"column":8},"end":{"line":210,"column":33}},"75":{"start":{"line":212,"column":8},"end":{"line":212,"column":56}},"76":{"start":{"line":214,"column":4},"end":{"line":214,"column":47}},"77":{"start":{"line":220,"column":0},"end":{"line":220,"column":22}},"78":{"start":{"line":221,"column":0},"end":{"line":221,"column":36}},"79":{"start":{"line":223,"column":0},"end":{"line":223,"column":42}}},"fnMap":{"0":{"name":"(anonymous_0)","decl":{"start":{"line":27,"column":19},"end":{"line":27,"column":20}},"loc":{"start":{"line":27,"column":31},"end":{"line":48,"column":1}},"line":27},"1":{"name":"(anonymous_1)","decl":{"start":{"line":76,"column":14},"end":{"line":76,"column":15}},"loc":{"start":{"line":76,"column":32},"end":{"line":120,"column":1}},"line":76},"2":{"name":"(anonymous_2)","decl":{"start":{"line":122,"column":21},"end":{"line":122,"column":22}},"loc":{"start":{"line":122,"column":40},"end":{"line":150,"column":1}},"line":122},"3":{"name":"(anonymous_3)","decl":{"start":{"line":152,"column":24},"end":{"line":152,"column":25}},"loc":{"start":{"line":152,"column":43},"end":{"line":216,"column":1}},"line":152}},"branchMap":{"0":{"loc":{"start":{"line":28,"column":4},"end":{"line":47,"column":5}},"type":"switch","locations":[{"start":{"line":29,"column":8},"end":{"line":34,"column":9}},{"start":{"line":35,"column":8},"end":{"line":40,"column":9}},{"start":{"line":41,"column":8},"end":{"line":46,"column":9}}],"line":28},"1":{"loc":{"start":{"line":78,"column":4},"end":{"line":81,"column":5}},"type":"if","locations":[{"start":{"line":78,"column":4},"end":{"line":81,"column":5}},{"start":{},"end":{}}],"line":78},"2":{"loc":{"start":{"line":98,"column":8},"end":{"line":101,"column":9}},"type":"if","locations":[{"start":{"line":98,"column":8},"end":{"line":101,"column":9}},{"start":{},"end":{}}],"line":98},"3":{"loc":{"start":{"line":114,"column":4},"end":{"line":117,"column":5}},"type":"if","locations":[{"start":{"line":114,"column":4},"end":{"line":117,"column":5}},{"start":{},"end":{}}],"line":114},"4":{"loc":{"start":{"line":124,"column":4},"end":{"line":127,"column":5}},"type":"if","locations":[{"start":{"line":124,"column":4},"end":{"line":127,"column":5}},{"start":{},"end":{}}],"line":124},"5":{"loc":{"start":{"line":154,"column":4},"end":{"line":157,"column":5}},"type":"if","locations":[{"start":{"line":154,"column":4},"end":{"line":157,"column":5}},{"start":{},"end":{}}],"line":154},"6":{"loc":{"start":{"line":161,"column":4},"end":{"line":164,"column":5}},"type":"if","locations":[{"start":{"line":161,"column":4},"end":{"line":164,"column":5}},{"start":{},"end":{}}],"line":161},"7":{"loc":{"start":{"line":165,"column":4},"end":{"line":168,"column":5}},"type":"if","locations":[{"start":{"line":165,"column":4},"end":{"line":168,"column":5}},{"start":{},"end":{}}],"line":165},"8":{"loc":{"start":{"line":169,"column":4},"end":{"line":172,"column":5}},"type":"if","locations":[{"start":{"line":169,"column":4},"end":{"line":172,"column":5}},{"start":{},"end":{}}],"line":169},"9":{"loc":{"start":{"line":173,"column":4},"end":{"line":176,"column":5}},"type":"if","locations":[{"start":{"line":173,"column":4},"end":{"line":176,"column":5}},{"start":{},"end":{}}],"line":173},"10":{"loc":{"start":{"line":177,"column":4},"end":{"line":180,"column":5}},"type":"if","locations":[{"start":{"line":177,"column":4},"end":{"line":180,"column":5}},{"start":{},"end":{}}],"line":177},"11":{"loc":{"start":{"line":181,"column":4},"end":{"line":184,"column":5}},"type":"if","locations":[{"start":{"line":181,"column":4},"end":{"line":184,"column":5}},{"start":{},"end":{}}],"line":181}},"s":{"0":1,"1":1,"2":1,"3":1,"4":1,"5":1,"6":1,"7":1,"8":3,"9":1,"10":1,"11":1,"12":1,"13":2,"14":2,"15":0,"16":0,"17":2,"18":2,"19":2,"20":2,"21":1,"22":1,"23":0,"24":0,"25":1,"26":1,"27":0,"28":0,"29":1,"30":0,"31":0,"32":1,"33":1,"34":1,"35":1,"36":0,"37":0,"38":1,"39":1,"40":1,"41":1,"42":1,"43":0,"44":1,"45":1,"46":7,"47":7,"48":0,"49":0,"50":7,"51":7,"52":1,"53":1,"54":6,"55":1,"56":1,"57":5,"58":1,"59":1,"60":4,"61":1,"62":1,"63":3,"64":1,"65":1,"66":2,"67":1,"68":1,"69":1,"70":1,"71":0,"72":1,"73":1,"74":1,"75":0,"76":1,"77":1,"78":1,"79":1},"f":{"0":3,"1":2,"2":1,"3":7},"b":{"0":[1,1,1],"1":[0,2],"2":[1,1],"3":[0,1],"4":[0,1],"5":[0,7],"6":[1,6],"7":[1,5],"8":[1,4],"9":[1,3],"10":[1,2],"11":[1,1]},"_coverageSchema":"1a1c01bbd47fc00a2c39e90264f33305004495a9","hash":"7f0213616185c74d19a83fbeda180870d671835d"}
,"C:\\Users\\frank\\cosc_4353\\backend\\models\\quoteSchema.js": {"path":"C:\\Users\\frank\\cosc_4353\\backend\\models\\quoteSchema.js","statementMap":{"0":{"start":{"line":1,"column":17},"end":{"line":1,"column":36}},"1":{"start":{"line":3,"column":0},"end":{"line":11,"column":3}},"2":{"start":{"line":13,"column":20},"end":{"line":13,"column":64}},"3":{"start":{"line":14,"column":0},"end":{"line":14,"column":29}}},"fnMap":{},"branchMap":{},"s":{"0":1,"1":1,"2":1,"3":1},"f":{},"b":{},"_coverageSchema":"1a1c01bbd47fc00a2c39e90264f33305004495a9","hash":"a774ca7300157bd25d6156aa23e0859b79183149"}
,"C:\\Users\\frank\\cosc_4353\\backend\\models\\userInfoSchema.js": {"path":"C:\\Users\\frank\\cosc_4353\\backend\\models\\userInfoSchema.js","statementMap":{"0":{"start":{"line":1,"column":17},"end":{"line":1,"column":36}},"1":{"start":{"line":3,"column":23},"end":{"line":12,"column":2}},"2":{"start":{"line":14,"column":24},"end":{"line":14,"column":66}},"3":{"start":{"line":15,"column":0},"end":{"line":15,"column":33}}},"fnMap":{},"branchMap":{},"s":{"0":1,"1":1,"2":1,"3":1},"f":{},"b":{},"_coverageSchema":"1a1c01bbd47fc00a2c39e90264f33305004495a9","hash":"795735add626c33751e333da16bc89a730a05589"}
,"C:\\Users\\frank\\cosc_4353\\backend\\models\\userSchema.js": {"path":"C:\\Users\\frank\\cosc_4353\\backend\\models\\userSchema.js","statementMap":{"0":{"start":{"line":1,"column":17},"end":{"line":1,"column":36}},"1":{"start":{"line":3,"column":19},"end":{"line":6,"column":2}},"2":{"start":{"line":8,"column":14},"end":{"line":8,"column":48}},"3":{"start":{"line":9,"column":0},"end":{"line":9,"column":23}}},"fnMap":{},"branchMap":{},"s":{"0":1,"1":1,"2":1,"3":1},"f":{},"b":{},"_coverageSchema":"1a1c01bbd47fc00a2c39e90264f33305004495a9","hash":"65f01fb074eb2cfcb787a7bd67c61a11a66071a1"}
,"C:\\Users\\frank\\cosc_4353\\backend\\routes\\fuelRoute.js": {"path":"C:\\Users\\frank\\cosc_4353\\backend\\routes\\fuelRoute.js","statementMap":{"0":{"start":{"line":1,"column":16},"end":{"line":1,"column":34}},"1":{"start":{"line":2,"column":15},"end":{"line":2,"column":31}},"2":{"start":{"line":3,"column":20},"end":{"line":3,"column":50}},"3":{"start":{"line":6,"column":0},"end":{"line":6,"column":87}},"4":{"start":{"line":8,"column":0},"end":{"line":8,"column":24}}},"fnMap":{},"branchMap":{},"s":{"0":1,"1":1,"2":1,"3":1,"4":1},"f":{},"b":{},"_coverageSchema":"1a1c01bbd47fc00a2c39e90264f33305004495a9","hash":"b38796e86c76887cb1ba3011d23c23dbc459f098"}
,"C:\\Users\\frank\\cosc_4353\\backend\\routes\\userRoutes.js": {"path":"C:\\Users\\frank\\cosc_4353\\backend\\routes\\userRoutes.js","statementMap":{"0":{"start":{"line":1,"column":16},"end":{"line":1,"column":34}},"1":{"start":{"line":2,"column":15},"end":{"line":2,"column":31}},"2":{"start":{"line":4,"column":20},"end":{"line":4,"column":50}},"3":{"start":{"line":8,"column":0},"end":{"line":8,"column":87}},"4":{"start":{"line":10,"column":0},"end":{"line":10,"column":77}},"5":{"start":{"line":14,"column":0},"end":{"line":14,"column":103}},"6":{"start":{"line":16,"column":0},"end":{"line":16,"column":24}}},"fnMap":{},"branchMap":{},"s":{"0":1,"1":1,"2":1,"3":1,"4":1,"5":1,"6":1},"f":{},"b":{},"_coverageSchema":"1a1c01bbd47fc00a2c39e90264f33305004495a9","hash":"90396de417d4d46c1016e9816bb9576b23b6a35e"}
}
