{"C:\\Users\\frank\\cosc_4353\\backend\\server2.js": {"path":"C:\\Users\\frank\\cosc_4353\\backend\\server2.js","statementMap":{"0":{"start":{"line":1,"column":16},"end":{"line":1,"column":34}},"1":{"start":{"line":2,"column":12},"end":{"line":2,"column":21}},"2":{"start":{"line":3,"column":13},"end":{"line":3,"column":28}},"3":{"start":{"line":4,"column":19},"end":{"line":4,"column":41}},"4":{"start":{"line":5,"column":18},"end":{"line":5,"column":48}},"5":{"start":{"line":6,"column":18},"end":{"line":6,"column":47}},"6":{"start":{"line":11,"column":0},"end":{"line":11,"column":71}},"7":{"start":{"line":12,"column":0},"end":{"line":12,"column":24}},"8":{"start":{"line":13,"column":0},"end":{"line":15,"column":4}},"9":{"start":{"line":18,"column":0},"end":{"line":21,"column":3}},"10":{"start":{"line":20,"column":7},"end":{"line":20,"column":33}},"11":{"start":{"line":25,"column":0},"end":{"line":25,"column":34}},"12":{"start":{"line":26,"column":0},"end":{"line":26,"column":38}},"13":{"start":{"line":86,"column":0},"end":{"line":86,"column":21}}},"fnMap":{"0":{"name":"(anonymous_0)","decl":{"start":{"line":18,"column":13},"end":{"line":18,"column":14}},"loc":{"start":{"line":18,"column":33},"end":{"line":21,"column":1}},"line":18}},"branchMap":{},"s":{"0":1,"1":1,"2":1,"3":1,"4":1,"5":1,"6":1,"7":1,"8":1,"9":1,"10":0,"11":1,"12":1,"13":1},"f":{"0":0},"b":{},"_coverageSchema":"1a1c01bbd47fc00a2c39e90264f33305004495a9","hash":"25d43f6cd8c42717e7545e4d81ddb35394ebc5a4"}
,"C:\\Users\\frank\\cosc_4353\\backend\\controllers\\fuel.js": {"path":"C:\\Users\\frank\\cosc_4353\\backend\\controllers\\fuel.js","statementMap":{"0":{"start":{"line":1,"column":34},"end":{"line":1,"column":62}},"1":{"start":{"line":5,"column":20},"end":{"line":5,"column":143}},"2":{"start":{"line":7,"column":0},"end":{"line":15,"column":1}},"3":{"start":{"line":8,"column":4},"end":{"line":14,"column":5}},"4":{"start":{"line":10,"column":12},"end":{"line":12,"column":13}},"5":{"start":{"line":18,"column":18},"end":{"line":33,"column":1}},"6":{"start":{"line":19,"column":19},"end":{"line":19,"column":40}},"7":{"start":{"line":20,"column":4},"end":{"line":23,"column":5}},"8":{"start":{"line":21,"column":8},"end":{"line":21,"column":56}},"9":{"start":{"line":22,"column":8},"end":{"line":22,"column":15}},"10":{"start":{"line":25,"column":72},"end":{"line":25,"column":80}},"11":{"start":{"line":29,"column":25},"end":{"line":29,"column":140}},"12":{"start":{"line":31,"column":4},"end":{"line":31,"column":37}},"13":{"start":{"line":32,"column":4},"end":{"line":32,"column":56}},"14":{"start":{"line":35,"column":0},"end":{"line":35,"column":30}}},"fnMap":{"0":{"name":"(anonymous_0)","decl":{"start":{"line":7,"column":19},"end":{"line":7,"column":20}},"loc":{"start":{"line":7,"column":31},"end":{"line":15,"column":1}},"line":7},"1":{"name":"(anonymous_1)","decl":{"start":{"line":18,"column":18},"end":{"line":18,"column":19}},"loc":{"start":{"line":18,"column":31},"end":{"line":33,"column":1}},"line":18}},"branchMap":{"0":{"loc":{"start":{"line":8,"column":4},"end":{"line":14,"column":5}},"type":"switch","locations":[{"start":{"line":9,"column":8},"end":{"line":13,"column":9}}],"line":8},"1":{"loc":{"start":{"line":20,"column":4},"end":{"line":23,"column":5}},"type":"if","locations":[{"start":{"line":20,"column":4},"end":{"line":23,"column":5}},{"start":{},"end":{}}],"line":20}},"s":{"0":1,"1":1,"2":1,"3":1,"4":1,"5":1,"6":1,"7":1,"8":0,"9":0,"10":1,"11":1,"12":1,"13":1,"14":1},"f":{"0":1,"1":1},"b":{"0":[1],"1":[0,1]},"_coverageSchema":"1a1c01bbd47fc00a2c39e90264f33305004495a9","hash":"f481dc05cad128d029b1b39d407415500e7d0546"}
,"C:\\Users\\frank\\cosc_4353\\backend\\controllers\\user.js": {"path":"C:\\Users\\frank\\cosc_4353\\backend\\controllers\\user.js","statementMap":{"0":{"start":{"line":1,"column":34},"end":{"line":1,"column":62}},"1":{"start":{"line":6,"column":20},"end":{"line":6,"column":66}},"2":{"start":{"line":8,"column":20},"end":{"line":8,"column":154}},"3":{"start":{"line":9,"column":21},"end":{"line":9,"column":130}},"4":{"start":{"line":12,"column":4},"end":{"line":14,"column":5}},"5":{"start":{"line":12,"column":26},"end":{"line":12,"column":47}},"6":{"start":{"line":13,"column":8},"end":{"line":13,"column":20}},"7":{"start":{"line":15,"column":4},"end":{"line":15,"column":17}},"8":{"start":{"line":19,"column":4},"end":{"line":21,"column":5}},"9":{"start":{"line":19,"column":26},"end":{"line":19,"column":49}},"10":{"start":{"line":20,"column":8},"end":{"line":20,"column":20}},"11":{"start":{"line":22,"column":4},"end":{"line":22,"column":17}},"12":{"start":{"line":25,"column":0},"end":{"line":46,"column":1}},"13":{"start":{"line":26,"column":4},"end":{"line":45,"column":5}},"14":{"start":{"line":28,"column":12},"end":{"line":31,"column":13}},"15":{"start":{"line":34,"column":12},"end":{"line":37,"column":13}},"16":{"start":{"line":40,"column":12},"end":{"line":43,"column":13}},"17":{"start":{"line":49,"column":23},"end":{"line":51,"column":1}},"18":{"start":{"line":50,"column":4},"end":{"line":50,"column":33}},"19":{"start":{"line":53,"column":14},"end":{"line":61,"column":1}},"20":{"start":{"line":54,"column":18},"end":{"line":54,"column":32}},"21":{"start":{"line":55,"column":17},"end":{"line":55,"column":61}},"22":{"start":{"line":55,"column":45},"end":{"line":55,"column":60}},"23":{"start":{"line":56,"column":4},"end":{"line":59,"column":5}},"24":{"start":{"line":58,"column":8},"end":{"line":58,"column":36}},"25":{"start":{"line":60,"column":4},"end":{"line":60,"column":50}},"26":{"start":{"line":63,"column":14},"end":{"line":81,"column":1}},"27":{"start":{"line":64,"column":19},"end":{"line":64,"column":40}},"28":{"start":{"line":65,"column":4},"end":{"line":68,"column":5}},"29":{"start":{"line":66,"column":8},"end":{"line":66,"column":56}},"30":{"start":{"line":67,"column":8},"end":{"line":67,"column":15}},"31":{"start":{"line":70,"column":33},"end":{"line":70,"column":41}},"32":{"start":{"line":72,"column":22},"end":{"line":72,"column":53}},"33":{"start":{"line":73,"column":26},"end":{"line":73,"column":61}},"34":{"start":{"line":75,"column":4},"end":{"line":78,"column":5}},"35":{"start":{"line":76,"column":8},"end":{"line":76,"column":54}},"36":{"start":{"line":77,"column":8},"end":{"line":77,"column":15}},"37":{"start":{"line":80,"column":4},"end":{"line":80,"column":44}},"38":{"start":{"line":83,"column":21},"end":{"line":101,"column":1}},"39":{"start":{"line":84,"column":19},"end":{"line":84,"column":40}},"40":{"start":{"line":85,"column":4},"end":{"line":88,"column":5}},"41":{"start":{"line":86,"column":8},"end":{"line":86,"column":56}},"42":{"start":{"line":87,"column":8},"end":{"line":87,"column":15}},"43":{"start":{"line":90,"column":33},"end":{"line":90,"column":41}},"44":{"start":{"line":92,"column":23},"end":{"line":92,"column":61}},"45":{"start":{"line":94,"column":20},"end":{"line":94,"column":100}},"46":{"start":{"line":96,"column":4},"end":{"line":96,"column":33}},"47":{"start":{"line":97,"column":4},"end":{"line":97,"column":30}},"48":{"start":{"line":98,"column":4},"end":{"line":98,"column":54}},"49":{"start":{"line":103,"column":24},"end":{"line":146,"column":1}},"50":{"start":{"line":104,"column":19},"end":{"line":104,"column":40}},"51":{"start":{"line":105,"column":4},"end":{"line":108,"column":5}},"52":{"start":{"line":106,"column":8},"end":{"line":106,"column":56}},"53":{"start":{"line":107,"column":8},"end":{"line":107,"column":15}},"54":{"start":{"line":109,"column":74},"end":{"line":109,"column":82}},"55":{"start":{"line":111,"column":18},"end":{"line":111,"column":60}},"56":{"start":{"line":111,"column":46},"end":{"line":111,"column":59}},"57":{"start":{"line":112,"column":4},"end":{"line":115,"column":5}},"58":{"start":{"line":113,"column":8},"end":{"line":113,"column":56}},"59":{"start":{"line":114,"column":8},"end":{"line":114,"column":15}},"60":{"start":{"line":116,"column":4},"end":{"line":119,"column":5}},"61":{"start":{"line":117,"column":8},"end":{"line":117,"column":56}},"62":{"start":{"line":118,"column":8},"end":{"line":118,"column":15}},"63":{"start":{"line":120,"column":4},"end":{"line":123,"column":5}},"64":{"start":{"line":121,"column":8},"end":{"line":121,"column":56}},"65":{"start":{"line":122,"column":8},"end":{"line":122,"column":15}},"66":{"start":{"line":124,"column":4},"end":{"line":127,"column":5}},"67":{"start":{"line":125,"column":8},"end":{"line":125,"column":56}},"68":{"start":{"line":126,"column":8},"end":{"line":126,"column":15}},"69":{"start":{"line":128,"column":4},"end":{"line":131,"column":5}},"70":{"start":{"line":129,"column":8},"end":{"line":129,"column":56}},"71":{"start":{"line":130,"column":8},"end":{"line":130,"column":15}},"72":{"start":{"line":132,"column":4},"end":{"line":135,"column":5}},"73":{"start":{"line":133,"column":8},"end":{"line":133,"column":56}},"74":{"start":{"line":134,"column":8},"end":{"line":134,"column":15}},"75":{"start":{"line":136,"column":4},"end":{"line":136,"column":40}},"76":{"start":{"line":137,"column":4},"end":{"line":137,"column":38}},"77":{"start":{"line":138,"column":4},"end":{"line":138,"column":40}},"78":{"start":{"line":139,"column":4},"end":{"line":139,"column":40}},"79":{"start":{"line":140,"column":4},"end":{"line":140,"column":38}},"80":{"start":{"line":141,"column":4},"end":{"line":141,"column":40}},"81":{"start":{"line":142,"column":4},"end":{"line":142,"column":44}},"82":{"start":{"line":144,"column":4},"end":{"line":144,"column":47}},"83":{"start":{"line":149,"column":0},"end":{"line":149,"column":40}},"84":{"start":{"line":150,"column":0},"end":{"line":150,"column":22}},"85":{"start":{"line":151,"column":0},"end":{"line":151,"column":36}},"86":{"start":{"line":152,"column":0},"end":{"line":152,"column":22}},"87":{"start":{"line":153,"column":0},"end":{"line":153,"column":42}}},"fnMap":{"0":{"name":"findUser","decl":{"start":{"line":11,"column":9},"end":{"line":11,"column":17}},"loc":{"start":{"line":11,"column":33},"end":{"line":16,"column":1}},"line":11},"1":{"name":"(anonymous_1)","decl":{"start":{"line":12,"column":20},"end":{"line":12,"column":21}},"loc":{"start":{"line":12,"column":26},"end":{"line":12,"column":47}},"line":12},"2":{"name":"findPassword","decl":{"start":{"line":18,"column":9},"end":{"line":18,"column":21}},"loc":{"start":{"line":18,"column":38},"end":{"line":23,"column":1}},"line":18},"3":{"name":"(anonymous_3)","decl":{"start":{"line":19,"column":20},"end":{"line":19,"column":21}},"loc":{"start":{"line":19,"column":26},"end":{"line":19,"column":49}},"line":19},"4":{"name":"(anonymous_4)","decl":{"start":{"line":25,"column":19},"end":{"line":25,"column":20}},"loc":{"start":{"line":25,"column":31},"end":{"line":46,"column":1}},"line":25},"5":{"name":"(anonymous_5)","decl":{"start":{"line":49,"column":23},"end":{"line":49,"column":24}},"loc":{"start":{"line":49,"column":31},"end":{"line":51,"column":1}},"line":49},"6":{"name":"(anonymous_6)","decl":{"start":{"line":53,"column":14},"end":{"line":53,"column":15}},"loc":{"start":{"line":53,"column":26},"end":{"line":61,"column":1}},"line":53},"7":{"name":"(anonymous_7)","decl":{"start":{"line":55,"column":40},"end":{"line":55,"column":41}},"loc":{"start":{"line":55,"column":45},"end":{"line":55,"column":60}},"line":55},"8":{"name":"(anonymous_8)","decl":{"start":{"line":63,"column":14},"end":{"line":63,"column":15}},"loc":{"start":{"line":63,"column":26},"end":{"line":81,"column":1}},"line":63},"9":{"name":"(anonymous_9)","decl":{"start":{"line":83,"column":21},"end":{"line":83,"column":22}},"loc":{"start":{"line":83,"column":34},"end":{"line":101,"column":1}},"line":83},"10":{"name":"(anonymous_10)","decl":{"start":{"line":103,"column":24},"end":{"line":103,"column":25}},"loc":{"start":{"line":103,"column":37},"end":{"line":146,"column":1}},"line":103},"11":{"name":"(anonymous_11)","decl":{"start":{"line":111,"column":41},"end":{"line":111,"column":42}},"loc":{"start":{"line":111,"column":46},"end":{"line":111,"column":59}},"line":111}},"branchMap":{"0":{"loc":{"start":{"line":12,"column":4},"end":{"line":14,"column":5}},"type":"if","locations":[{"start":{"line":12,"column":4},"end":{"line":14,"column":5}},{"start":{},"end":{}}],"line":12},"1":{"loc":{"start":{"line":19,"column":4},"end":{"line":21,"column":5}},"type":"if","locations":[{"start":{"line":19,"column":4},"end":{"line":21,"column":5}},{"start":{},"end":{}}],"line":19},"2":{"loc":{"start":{"line":26,"column":4},"end":{"line":45,"column":5}},"type":"switch","locations":[{"start":{"line":27,"column":8},"end":{"line":32,"column":9}},{"start":{"line":33,"column":8},"end":{"line":38,"column":9}},{"start":{"line":39,"column":8},"end":{"line":44,"column":9}}],"line":26},"3":{"loc":{"start":{"line":56,"column":4},"end":{"line":59,"column":5}},"type":"if","locations":[{"start":{"line":56,"column":4},"end":{"line":59,"column":5}},{"start":{},"end":{}}],"line":56},"4":{"loc":{"start":{"line":65,"column":4},"end":{"line":68,"column":5}},"type":"if","locations":[{"start":{"line":65,"column":4},"end":{"line":68,"column":5}},{"start":{},"end":{}}],"line":65},"5":{"loc":{"start":{"line":75,"column":4},"end":{"line":78,"column":5}},"type":"if","locations":[{"start":{"line":75,"column":4},"end":{"line":78,"column":5}},{"start":{},"end":{}}],"line":75},"6":{"loc":{"start":{"line":75,"column":7},"end":{"line":75,"column":35}},"type":"binary-expr","locations":[{"start":{"line":75,"column":7},"end":{"line":75,"column":17}},{"start":{"line":75,"column":21},"end":{"line":75,"column":35}}],"line":75},"7":{"loc":{"start":{"line":85,"column":4},"end":{"line":88,"column":5}},"type":"if","locations":[{"start":{"line":85,"column":4},"end":{"line":88,"column":5}},{"start":{},"end":{}}],"line":85},"8":{"loc":{"start":{"line":105,"column":4},"end":{"line":108,"column":5}},"type":"if","locations":[{"start":{"line":105,"column":4},"end":{"line":108,"column":5}},{"start":{},"end":{}}],"line":105},"9":{"loc":{"start":{"line":112,"column":4},"end":{"line":115,"column":5}},"type":"if","locations":[{"start":{"line":112,"column":4},"end":{"line":115,"column":5}},{"start":{},"end":{}}],"line":112},"10":{"loc":{"start":{"line":116,"column":4},"end":{"line":119,"column":5}},"type":"if","locations":[{"start":{"line":116,"column":4},"end":{"line":119,"column":5}},{"start":{},"end":{}}],"line":116},"11":{"loc":{"start":{"line":120,"column":4},"end":{"line":123,"column":5}},"type":"if","locations":[{"start":{"line":120,"column":4},"end":{"line":123,"column":5}},{"start":{},"end":{}}],"line":120},"12":{"loc":{"start":{"line":124,"column":4},"end":{"line":127,"column":5}},"type":"if","locations":[{"start":{"line":124,"column":4},"end":{"line":127,"column":5}},{"start":{},"end":{}}],"line":124},"13":{"loc":{"start":{"line":128,"column":4},"end":{"line":131,"column":5}},"type":"if","locations":[{"start":{"line":128,"column":4},"end":{"line":131,"column":5}},{"start":{},"end":{}}],"line":128},"14":{"loc":{"start":{"line":132,"column":4},"end":{"line":135,"column":5}},"type":"if","locations":[{"start":{"line":132,"column":4},"end":{"line":135,"column":5}},{"start":{},"end":{}}],"line":132}},"s":{"0":1,"1":1,"2":1,"3":1,"4":2,"5":3,"6":1,"7":1,"8":2,"9":3,"10":1,"11":1,"12":1,"13":3,"14":1,"15":1,"16":1,"17":1,"18":0,"19":1,"20":0,"21":0,"22":0,"23":0,"24":0,"25":0,"26":1,"27":2,"28":2,"29":0,"30":0,"31":2,"32":2,"33":2,"34":2,"35":1,"36":1,"37":1,"38":1,"39":1,"40":1,"41":0,"42":0,"43":1,"44":1,"45":1,"46":1,"47":1,"48":1,"49":1,"50":7,"51":7,"52":0,"53":0,"54":7,"55":7,"56":7,"57":7,"58":1,"59":1,"60":6,"61":1,"62":1,"63":5,"64":1,"65":1,"66":4,"67":1,"68":1,"69":3,"70":1,"71":1,"72":2,"73":1,"74":1,"75":1,"76":1,"77":1,"78":1,"79":1,"80":1,"81":1,"82":1,"83":1,"84":1,"85":1,"86":1,"87":1},"f":{"0":2,"1":3,"2":2,"3":3,"4":3,"5":0,"6":0,"7":0,"8":2,"9":1,"10":7,"11":7},"b":{"0":[1,1],"1":[1,1],"2":[1,1,1],"3":[0,0],"4":[0,2],"5":[1,1],"6":[2,1],"7":[0,1],"8":[0,7],"9":[1,6],"10":[1,5],"11":[1,4],"12":[1,3],"13":[1,2],"14":[1,1]},"_coverageSchema":"1a1c01bbd47fc00a2c39e90264f33305004495a9","hash":"504eb87999e82faa8d98215654a63f3145d15032"}
,"C:\\Users\\frank\\cosc_4353\\backend\\routes\\fuelRoute.js": {"path":"C:\\Users\\frank\\cosc_4353\\backend\\routes\\fuelRoute.js","statementMap":{"0":{"start":{"line":1,"column":16},"end":{"line":1,"column":34}},"1":{"start":{"line":2,"column":15},"end":{"line":2,"column":31}},"2":{"start":{"line":3,"column":20},"end":{"line":3,"column":50}},"3":{"start":{"line":6,"column":0},"end":{"line":6,"column":87}},"4":{"start":{"line":8,"column":0},"end":{"line":8,"column":24}}},"fnMap":{},"branchMap":{},"s":{"0":1,"1":1,"2":1,"3":1,"4":1},"f":{},"b":{},"_coverageSchema":"1a1c01bbd47fc00a2c39e90264f33305004495a9","hash":"b38796e86c76887cb1ba3011d23c23dbc459f098"}
,"C:\\Users\\frank\\cosc_4353\\backend\\routes\\userRoutes.js": {"path":"C:\\Users\\frank\\cosc_4353\\backend\\routes\\userRoutes.js","statementMap":{"0":{"start":{"line":1,"column":16},"end":{"line":1,"column":34}},"1":{"start":{"line":2,"column":15},"end":{"line":2,"column":31}},"2":{"start":{"line":4,"column":20},"end":{"line":4,"column":50}},"3":{"start":{"line":6,"column":0},"end":{"line":6,"column":44}},"4":{"start":{"line":8,"column":0},"end":{"line":8,"column":87}},"5":{"start":{"line":10,"column":0},"end":{"line":10,"column":77}},"6":{"start":{"line":12,"column":0},"end":{"line":12,"column":47}},"7":{"start":{"line":14,"column":0},"end":{"line":14,"column":98}},"8":{"start":{"line":16,"column":0},"end":{"line":16,"column":24}}},"fnMap":{},"branchMap":{},"s":{"0":1,"1":1,"2":1,"3":1,"4":1,"5":1,"6":1,"7":1,"8":1},"f":{},"b":{},"_coverageSchema":"1a1c01bbd47fc00a2c39e90264f33305004495a9","hash":"57d96d9be90e91b3cb868b19feed70fa8cd8c697"}
}
