TN:
SF:server2.js
FN:18,(anonymous_0)
FNF:1
FNH:0
FNDA:0,(anonymous_0)
DA:1,1
DA:2,1
DA:3,1
DA:4,1
DA:5,1
DA:6,1
DA:11,1
DA:12,1
DA:13,1
DA:18,1
DA:20,0
DA:25,1
DA:26,1
DA:86,1
LF:14
LH:13
BRF:0
BRH:0
end_of_record
TN:
SF:controllers\fuel.js
FN:7,(anonymous_0)
FN:18,(anonymous_1)
FNF:2
FNH:2
FNDA:1,(anonymous_0)
FNDA:1,(anonymous_1)
DA:1,1
DA:5,1
DA:7,1
DA:8,1
DA:10,1
DA:18,1
DA:19,1
DA:20,1
DA:21,0
DA:22,0
DA:25,1
DA:29,1
DA:31,1
DA:32,1
DA:35,1
LF:15
LH:13
BRDA:8,0,0,1
BRDA:20,1,0,0
BRDA:20,1,1,1
BRF:3
BRH:2
end_of_record
TN:
SF:controllers\user.js
FN:11,findUser
FN:12,(anonymous_1)
FN:18,findPassword
FN:19,(anonymous_3)
FN:25,(anonymous_4)
FN:49,(anonymous_5)
FN:53,(anonymous_6)
FN:55,(anonymous_7)
FN:63,(anonymous_8)
FN:83,(anonymous_9)
FN:103,(anonymous_10)
FN:111,(anonymous_11)
FNF:12
FNH:9
FNDA:2,findUser
FNDA:3,(anonymous_1)
FNDA:2,findPassword
FNDA:3,(anonymous_3)
FNDA:3,(anonymous_4)
FNDA:0,(anonymous_5)
FNDA:0,(anonymous_6)
FNDA:0,(anonymous_7)
FNDA:2,(anonymous_8)
FNDA:1,(anonymous_9)
FNDA:7,(anonymous_10)
FNDA:7,(anonymous_11)
DA:1,1
DA:6,1
DA:8,1
DA:9,1
DA:12,3
DA:13,1
DA:15,1
DA:19,3
DA:20,1
DA:22,1
DA:25,1
DA:26,3
DA:28,1
DA:34,1
DA:40,1
DA:49,1
DA:50,0
DA:53,1
DA:54,0
DA:55,0
DA:56,0
DA:58,0
DA:60,0
DA:63,1
DA:64,2
DA:65,2
DA:66,0
DA:67,0
DA:70,2
DA:72,2
DA:73,2
DA:75,2
DA:76,1
DA:77,1
DA:80,1
DA:83,1
DA:84,1
DA:85,1
DA:86,0
DA:87,0
DA:90,1
DA:92,1
DA:94,1
DA:96,1
DA:97,1
DA:98,1
DA:103,1
DA:104,7
DA:105,7
DA:106,0
DA:107,0
DA:109,7
DA:111,7
DA:112,7
DA:113,1
DA:114,1
DA:116,6
DA:117,1
DA:118,1
DA:120,5
DA:121,1
DA:122,1
DA:124,4
DA:125,1
DA:126,1
DA:128,3
DA:129,1
DA:130,1
DA:132,2
DA:133,1
DA:134,1
DA:136,1
DA:137,1
DA:138,1
DA:139,1
DA:140,1
DA:141,1
DA:142,1
DA:144,1
DA:149,1
DA:150,1
DA:151,1
DA:152,1
DA:153,1
LF:84
LH:72
BRDA:12,0,0,1
BRDA:12,0,1,1
BRDA:19,1,0,1
BRDA:19,1,1,1
BRDA:26,2,0,1
BRDA:26,2,1,1
BRDA:26,2,2,1
BRDA:56,3,0,0
BRDA:56,3,1,0
BRDA:65,4,0,0
BRDA:65,4,1,2
BRDA:75,5,0,1
BRDA:75,5,1,1
BRDA:75,6,0,2
BRDA:75,6,1,1
BRDA:85,7,0,0
BRDA:85,7,1,1
BRDA:105,8,0,0
BRDA:105,8,1,7
BRDA:112,9,0,1
BRDA:112,9,1,6
BRDA:116,10,0,1
BRDA:116,10,1,5
BRDA:120,11,0,1
BRDA:120,11,1,4
BRDA:124,12,0,1
BRDA:124,12,1,3
BRDA:128,13,0,1
BRDA:128,13,1,2
BRDA:132,14,0,1
BRDA:132,14,1,1
BRF:31
BRH:26
end_of_record
TN:
SF:routes\fuelRoute.js
FNF:0
FNH:0
DA:1,1
DA:2,1
DA:3,1
DA:6,1
DA:8,1
LF:5
LH:5
BRF:0
BRH:0
end_of_record
TN:
SF:routes\userRoutes.js
FNF:0
FNH:0
DA:1,1
DA:2,1
DA:4,1
DA:6,1
DA:8,1
DA:10,1
DA:12,1
DA:14,1
DA:16,1
LF:9
LH:9
BRF:0
BRH:0
end_of_record
