TN:
SF:server2.js
FN:19,(anonymous_0)
FN:86,(anonymous_1)
FN:89,(anonymous_2)
FNF:3
FNH:1
FNDA:0,(anonymous_0)
FNDA:1,(anonymous_1)
FNDA:0,(anonymous_2)
DA:1,1
DA:2,1
DA:3,1
DA:4,1
DA:5,1
DA:6,1
DA:7,1
DA:12,1
DA:13,1
DA:14,1
DA:19,1
DA:21,0
DA:26,1
DA:27,1
DA:85,1
DA:87,1
DA:88,1
DA:90,0
DA:93,1
LF:19
LH:17
BRF:0
BRH:0
end_of_record
TN:
SF:controllers\fuel.js
FN:8,(anonymous_0)
FN:19,(anonymous_1)
FNF:2
FNH:2
FNDA:1,(anonymous_0)
FNDA:1,(anonymous_1)
DA:1,1
DA:2,1
DA:6,1
DA:8,1
DA:9,1
DA:11,1
DA:19,1
DA:26,1
DA:27,1
DA:28,1
DA:36,1
DA:38,0
DA:39,0
DA:46,1
DA:49,1
LF:15
LH:13
BRDA:9,0,0,1
BRF:1
BRH:1
end_of_record
TN:
SF:controllers\user.js
FN:27,(anonymous_0)
FN:76,(anonymous_1)
FN:122,(anonymous_2)
FN:152,(anonymous_3)
FNF:4
FNH:4
FNDA:3,(anonymous_0)
FNDA:2,(anonymous_1)
FNDA:1,(anonymous_2)
FNDA:7,(anonymous_3)
DA:1,1
DA:2,1
DA:3,1
DA:4,1
DA:8,1
DA:10,1
DA:11,1
DA:27,1
DA:28,3
DA:30,1
DA:36,1
DA:42,1
DA:76,1
DA:77,2
DA:78,2
DA:79,0
DA:80,0
DA:83,2
DA:95,2
DA:96,2
DA:98,2
DA:99,1
DA:100,1
DA:103,0
DA:104,0
DA:108,1
DA:109,1
DA:111,0
DA:112,0
DA:114,1
DA:115,0
DA:116,0
DA:119,1
DA:122,1
DA:123,1
DA:124,1
DA:125,0
DA:126,0
DA:129,1
DA:131,1
DA:132,1
DA:133,1
DA:137,1
DA:139,0
DA:147,1
DA:152,1
DA:153,7
DA:154,7
DA:155,0
DA:156,0
DA:158,7
DA:161,7
DA:162,1
DA:163,1
DA:165,6
DA:166,1
DA:167,1
DA:169,5
DA:170,1
DA:171,1
DA:173,4
DA:174,1
DA:175,1
DA:177,3
DA:178,1
DA:179,1
DA:181,2
DA:182,1
DA:183,1
DA:193,1
DA:194,1
DA:196,0
DA:199,1
DA:209,1
DA:210,1
DA:212,0
DA:214,1
DA:220,1
DA:221,1
DA:223,1
LF:80
LH:65
BRDA:28,0,0,1
BRDA:28,0,1,1
BRDA:28,0,2,1
BRDA:78,1,0,0
BRDA:78,1,1,2
BRDA:98,2,0,1
BRDA:98,2,1,1
BRDA:114,3,0,0
BRDA:114,3,1,1
BRDA:124,4,0,0
BRDA:124,4,1,1
BRDA:154,5,0,0
BRDA:154,5,1,7
BRDA:161,6,0,1
BRDA:161,6,1,6
BRDA:165,7,0,1
BRDA:165,7,1,5
BRDA:169,8,0,1
BRDA:169,8,1,4
BRDA:173,9,0,1
BRDA:173,9,1,3
BRDA:177,10,0,1
BRDA:177,10,1,2
BRDA:181,11,0,1
BRDA:181,11,1,1
BRF:25
BRH:21
end_of_record
TN:
SF:models\quoteSchema.js
FNF:0
FNH:0
DA:1,1
DA:3,1
DA:13,1
DA:14,1
LF:4
LH:4
BRF:0
BRH:0
end_of_record
TN:
SF:models\userInfoSchema.js
FNF:0
FNH:0
DA:1,1
DA:3,1
DA:14,1
DA:15,1
LF:4
LH:4
BRF:0
BRH:0
end_of_record
TN:
SF:models\userSchema.js
FNF:0
FNH:0
DA:1,1
DA:3,1
DA:8,1
DA:9,1
LF:4
LH:4
BRF:0
BRH:0
end_of_record
TN:
SF:routes\fuelRoute.js
FNF:0
FNH:0
DA:1,1
DA:2,1
DA:3,1
DA:6,1
DA:8,1
LF:5
LH:5
BRF:0
BRH:0
end_of_record
TN:
SF:routes\userRoutes.js
FNF:0
FNH:0
DA:1,1
DA:2,1
DA:4,1
DA:8,1
DA:10,1
DA:14,1
DA:16,1
LF:7
LH:7
BRF:0
BRH:0
end_of_record
